python : C:\Users\Shiva sh
anker\anaconda3\Lib\site-p
ackages\sklearn\base.py:37
6: InconsistentVersionWarn
ing: Trying to unpickle 
estimator LabelEncoder 
from version 1.8.0 when 
using version 1.4.2. This 
might lead to breaking 
code or invalid results. 
Use at your own risk. For 
more info please refer to:
At line:1 char:55
+ ...  /IM python.exe 
2>$null; Start-Sleep -s 
1; python app.py 2>&1 | 
Tee-O ...
+                         
                       
~~~~~~~~~~~~~~~~~~
    + CategoryInfo        
      : NotSpecified: (C  
  :\Users\Shiva ...leas   
 e refer to::String) [    
], RemoteException
    + FullyQualifiedError 
   Id : NativeCommandErr  
  or
 
https://scikit-learn.org/s
table/model_persistence.ht
ml#security-maintainabilit
y-limitations
  warnings.warn(
INFO:     Started server 
process [21216]
INFO:     Waiting for 
application startup.
INFO:     Application 
startup complete.
INFO:     Uvicorn running 
on http://0.0.0.0:5000 
(Press CTRL+C to quit)
TensorFlow import failed: Traceback (most recent call last):
  File "C:\Users\Shiva shanker\anaconda3\Lib\site-packages\tensorflow\python\pywrap_tensorflow.py", line 73, in <module>
    from tensorflow.python._pywrap_tensorflow_internal import *
ImportError: DLL load failed while importing _pywrap_tensorflow_internal: A dynamic link library (DLL) initialization routine failed.


Failed to load the native TensorFlow runtime.
See https://www.tensorflow.org/install/errors for some common causes and solutions.
If you need help, create an issue at https://github.com/tensorflow/tensorflow/issues and include the entire stack trace above this error message.
Kidney model loaded from C:\Users\Shiva shanker\My Projects\medisense-ai\Medisense-AI\Backend\best.pkl
Failed to load CBC model: No module named 'lightgbm'
CBC label encoder loaded from C:\Users\Shiva shanker\My Projects\medisense-ai\Medisense-AI\cbc_label_encoder.pkl
Starting FastAPI server on port 5000...
INFO:     127.0.0.1:54825 - "POST /upload-report HTTP/1.1" 200 OK
INFO:     127.0.0.1:50859 - "GET /docs HTTP/1.1" 200 OK
INFO:     127.0.0.1:50859 - "GET /openapi.json HTTP/1.1" 200 OK
INFO:     127.0.0.1:52220 - "POST /upload-report HTTP/1.1" 200 OK
INFO:     127.0.0.1:50793 - "POST /upload-report HTTP/1.1" 200 OK
INFO:     127.0.0.1:62168 - "POST /upload-report HTTP/1.1" 200 OK
INFO:     127.0.0.1:62168 - "POST /upload-report HTTP/1.1" 200 OK
INFO:     127.0.0.1:54664 - "POST /upload-report HTTP/1.1" 200 OK
